\BOOKMARK [0][-]{chapter.1}{Antecedentes}{}% 1
\BOOKMARK [1][-]{section.1.1}{Introducci\363n}{chapter.1}% 2
\BOOKMARK [2][-]{subsection.1.1.1}{Servicios de Seguridad}{section.1.1}% 3
\BOOKMARK [2][-]{subsection.1.1.2}{Controles de Seguridad}{section.1.1}% 4
\BOOKMARK [1][-]{section.1.2}{Descripci\363n del problema}{chapter.1}% 5
\BOOKMARK [1][-]{section.1.3}{Soluci\363n propuesta}{chapter.1}% 6
\BOOKMARK [1][-]{section.1.4}{Estado del arte}{chapter.1}% 7
\BOOKMARK [1][-]{section.1.5}{Justificaci\363n}{chapter.1}% 8
\BOOKMARK [0][-]{chapter.2}{Marco Te\363rico}{}% 9
\BOOKMARK [1][-]{section.2.1}{Estampa de tiempo}{chapter.2}% 10
\BOOKMARK [1][-]{section.2.2}{Detecci\363n de Intrusos}{chapter.2}% 11
\BOOKMARK [2][-]{subsection.2.2.1}{Definici\363n}{section.2.2}% 12
\BOOKMARK [2][-]{subsection.2.2.2}{Taxonom\355as}{section.2.2}% 13
\BOOKMARK [3][-]{subsubsection.2.2.2.1}{Taxonom\355a por punto de detecci\363n}{subsection.2.2.2}% 14
\BOOKMARK [3][-]{subsubsection.2.2.2.2}{Taxonom\355a por m\351todos de detecci\363n}{subsection.2.2.2}% 15
\BOOKMARK [2][-]{subsection.2.2.3}{Modo de operaci\363n}{section.2.2}% 16
\BOOKMARK [2][-]{subsection.2.2.4}{Justificaci\363n de los Sistemas de Detecci\363n de Intrusos}{section.2.2}% 17
\BOOKMARK [2][-]{subsection.2.2.5}{Arquitectura de IDSs}{section.2.2}% 18
\BOOKMARK [3][-]{subsubsection.2.2.5.1}{Dorothy Denning}{subsection.2.2.5}% 19
\BOOKMARK [3][-]{subsubsection.2.2.5.2}{Common Intrusion Detection Framework}{subsection.2.2.5}% 20
\BOOKMARK [3][-]{subsubsection.2.2.5.3}{Common Intrusion Specification Language}{subsection.2.2.5}% 21
\BOOKMARK [3][-]{subsubsection.2.2.5.4}{Autopost de AusCERT}{subsection.2.2.5}% 22
\BOOKMARK [3][-]{subsubsection.2.2.5.5}{Intrusion Detection Working Group}{subsection.2.2.5}% 23
\BOOKMARK [2][-]{subsection.2.2.6}{Componentes elementales de un IDS}{section.2.2}% 24
\BOOKMARK [2][-]{subsection.2.2.7}{Arquitecturas de Red}{section.2.2}% 25
\BOOKMARK [1][-]{section.2.3}{Cross-site Scripting \(XSS\)}{chapter.2}% 26
\BOOKMARK [2][-]{subsection.2.3.1}{Definici\363n}{section.2.3}% 27
\BOOKMARK [2][-]{subsection.2.3.2}{Actores en un ataque XSS}{section.2.3}% 28
\BOOKMARK [2][-]{subsection.2.3.3}{Tipos de Cross-Site Scripting}{section.2.3}% 29
\BOOKMARK [3][-]{subsubsection.2.3.3.1}{XSS almacenado \(AKA persistente o tipo I\)}{subsection.2.3.3}% 30
\BOOKMARK [3][-]{subsubsection.2.3.3.2}{XSS reflejado \(AKA no persistente o tipo II\)}{subsection.2.3.3}% 31
\BOOKMARK [3][-]{subsubsection.2.3.3.3}{XSS basado en DOM \(AKA tipo-0\)}{subsection.2.3.3}% 32
\BOOKMARK [2][-]{subsection.2.3.4}{Riesgos de los ataques XSS}{section.2.3}% 33
\BOOKMARK [2][-]{subsection.2.3.5}{Prevenci\363n}{section.2.3}% 34
\BOOKMARK [1][-]{section.2.4}{Aprendizaje Autom\341tico}{chapter.2}% 35
\BOOKMARK [2][-]{subsection.2.4.1}{Definici\363n}{section.2.4}% 36
\BOOKMARK [2][-]{subsection.2.4.2}{Concepto}{section.2.4}% 37
\BOOKMARK [2][-]{subsection.2.4.3}{M\351todos de aprendizaje}{section.2.4}% 38
\BOOKMARK [3][-]{subsubsection.2.4.3.1}{\301rboles de Decisi\363n}{subsection.2.4.3}% 39
\BOOKMARK [3][-]{subsubsection.2.4.3.2}{Redes Neuronales}{subsection.2.4.3}% 40
\BOOKMARK [3][-]{subsubsection.2.4.3.3}{Aprendizaje Bayesiano}{subsection.2.4.3}% 41
\BOOKMARK [3][-]{subsubsection.2.4.3.4}{Algoritmos Gen\351ticos y Programaci\363n Gen\351tica}{subsection.2.4.3}% 42
\BOOKMARK [3][-]{subsubsection.2.4.3.5}{Basado en Instancias}{subsection.2.4.3}% 43
\BOOKMARK [3][-]{subsubsection.2.4.3.6}{Aprendizaje Reforzado}{subsection.2.4.3}% 44
\BOOKMARK [3][-]{subsubsection.2.4.3.7}{Aprendizaje de M\372ltiples Instancias}{subsection.2.4.3}% 45
\BOOKMARK [3][-]{subsubsection.2.4.3.8}{Aprendizaje No Supervisado}{subsection.2.4.3}% 46
\BOOKMARK [0][-]{chapter.3}{Especificaciones del proyecto}{}% 47
\BOOKMARK [1][-]{section.3.1}{Objetivo}{chapter.3}% 48
\BOOKMARK [2][-]{subsection.3.1.1}{Objetivo general}{section.3.1}% 49
\BOOKMARK [2][-]{subsection.3.1.2}{Objetivos espec\355ficos}{section.3.1}% 50
\BOOKMARK [1][-]{section.3.2}{Metodolog\355a}{chapter.3}% 51
\BOOKMARK [1][-]{section.3.3}{Descripci\363n}{chapter.3}% 52
\BOOKMARK [2][-]{subsection.3.3.1}{Descripci\363n Agente IDS}{section.3.3}% 53
\BOOKMARK [2][-]{subsection.3.3.2}{Descripci\363n registrador de eventos}{section.3.3}% 54
\BOOKMARK [2][-]{subsection.3.3.3}{Descripci\363n consola de administraci\363n}{section.3.3}% 55
\BOOKMARK [1][-]{section.3.4}{Arquitectura}{chapter.3}% 56
\BOOKMARK [1][-]{section.3.5}{Viabilidad}{chapter.3}% 57
\BOOKMARK [1][-]{section.3.6}{Generaci\363n de Ataques}{chapter.3}% 58
